<?xml version="1.0" encoding="UTF-8"?>
<testsuite name="dev.abhisek.developerslife.AppTest" tests="1" skipped="0" failures="0" errors="0" timestamp="2023-08-05T15:16:02" hostname="ABHISEK" time="0.016">
  <properties/>
  <testcase name="appHasAGreeting()" classname="dev.abhisek.developerslife.AppTest" time="0.016"/>
  <system-out><![CDATA[]]></system-out>
  <system-err><![CDATA[]]></system-err>
</testsuite>
